<?xml version="1.0" encoding="UTF-8"?>
<testsuite xmlns:xsi="http://www.w3.org/2001/XMLSchema-instance" xsi:noNamespaceSchemaLocation="https://maven.apache.org/surefire/maven-surefire-plugin/xsd/surefire-test-report-3.0.xsd" version="3.0" name="com.example.springboot.HelloControllerTest" time="5.261" tests="4" errors="0" skipped="0" failures="0">
  <properties>
    <property name="java.specification.version" value="23"/>
    <property name="sun.jnu.encoding" value="UTF-8"/>
    <property name="java.class.path" value="/Users/john/repos/tourism-app/gs-spring-boot/complete/target/test-classes:/Users/john/repos/tourism-app/gs-spring-boot/complete/target/classes:/Users/john/.m2/repository/org/springframework/boot/spring-boot-starter-web/3.3.0/spring-boot-starter-web-3.3.0.jar:/Users/john/.m2/repository/org/springframework/boot/spring-boot-starter/3.3.0/spring-boot-starter-3.3.0.jar:/Users/john/.m2/repository/org/springframework/boot/spring-boot/3.3.0/spring-boot-3.3.0.jar:/Users/john/.m2/repository/org/springframework/boot/spring-boot-autoconfigure/3.3.0/spring-boot-autoconfigure-3.3.0.jar:/Users/john/.m2/repository/org/springframework/boot/spring-boot-starter-logging/3.3.0/spring-boot-starter-logging-3.3.0.jar:/Users/john/.m2/repository/ch/qos/logback/logback-classic/1.5.6/logback-classic-1.5.6.jar:/Users/john/.m2/repository/ch/qos/logback/logback-core/1.5.6/logback-core-1.5.6.jar:/Users/john/.m2/repository/org/apache/logging/log4j/log4j-to-slf4j/2.23.1/log4j-to-slf4j-2.23.1.jar:/Users/john/.m2/repository/org/apache/logging/log4j/log4j-api/2.23.1/log4j-api-2.23.1.jar:/Users/john/.m2/repository/org/slf4j/jul-to-slf4j/2.0.13/jul-to-slf4j-2.0.13.jar:/Users/john/.m2/repository/jakarta/annotation/jakarta.annotation-api/2.1.1/jakarta.annotation-api-2.1.1.jar:/Users/john/.m2/repository/org/yaml/snakeyaml/2.2/snakeyaml-2.2.jar:/Users/john/.m2/repository/org/springframework/boot/spring-boot-starter-json/3.3.0/spring-boot-starter-json-3.3.0.jar:/Users/john/.m2/repository/com/fasterxml/jackson/core/jackson-databind/2.17.1/jackson-databind-2.17.1.jar:/Users/john/.m2/repository/com/fasterxml/jackson/core/jackson-annotations/2.17.1/jackson-annotations-2.17.1.jar:/Users/john/.m2/repository/com/fasterxml/jackson/datatype/jackson-datatype-jdk8/2.17.1/jackson-datatype-jdk8-2.17.1.jar:/Users/john/.m2/repository/com/fasterxml/jackson/datatype/jackson-datatype-jsr310/2.17.1/jackson-datatype-jsr310-2.17.1.jar:/Users/john/.m2/repository/com/fasterxml/jackson/module/jackson-module-parameter-names/2.17.1/jackson-module-parameter-names-2.17.1.jar:/Users/john/.m2/repository/org/springframework/boot/spring-boot-starter-tomcat/3.3.0/spring-boot-starter-tomcat-3.3.0.jar:/Users/john/.m2/repository/org/apache/tomcat/embed/tomcat-embed-core/10.1.24/tomcat-embed-core-10.1.24.jar:/Users/john/.m2/repository/org/apache/tomcat/embed/tomcat-embed-el/10.1.24/tomcat-embed-el-10.1.24.jar:/Users/john/.m2/repository/org/apache/tomcat/embed/tomcat-embed-websocket/10.1.24/tomcat-embed-websocket-10.1.24.jar:/Users/john/.m2/repository/org/springframework/spring-web/6.1.8/spring-web-6.1.8.jar:/Users/john/.m2/repository/org/springframework/spring-beans/6.1.8/spring-beans-6.1.8.jar:/Users/john/.m2/repository/org/springframework/spring-webmvc/6.1.8/spring-webmvc-6.1.8.jar:/Users/john/.m2/repository/org/springframework/spring-aop/6.1.8/spring-aop-6.1.8.jar:/Users/john/.m2/repository/org/springframework/spring-context/6.1.8/spring-context-6.1.8.jar:/Users/john/.m2/repository/org/springframework/spring-expression/6.1.8/spring-expression-6.1.8.jar:/Users/john/.m2/repository/org/springframework/boot/spring-boot-starter-actuator/3.3.0/spring-boot-starter-actuator-3.3.0.jar:/Users/john/.m2/repository/org/springframework/boot/spring-boot-actuator-autoconfigure/3.3.0/spring-boot-actuator-autoconfigure-3.3.0.jar:/Users/john/.m2/repository/org/springframework/boot/spring-boot-actuator/3.3.0/spring-boot-actuator-3.3.0.jar:/Users/john/.m2/repository/io/micrometer/micrometer-observation/1.13.0/micrometer-observation-1.13.0.jar:/Users/john/.m2/repository/io/micrometer/micrometer-commons/1.13.0/micrometer-commons-1.13.0.jar:/Users/john/.m2/repository/io/micrometer/micrometer-jakarta9/1.13.0/micrometer-jakarta9-1.13.0.jar:/Users/john/.m2/repository/io/micrometer/micrometer-core/1.13.0/micrometer-core-1.13.0.jar:/Users/john/.m2/repository/org/hdrhistogram/HdrHistogram/2.2.1/HdrHistogram-2.2.1.jar:/Users/john/.m2/repository/org/latencyutils/LatencyUtils/2.0.3/LatencyUtils-2.0.3.jar:/Users/john/.m2/repository/org/springframework/boot/spring-boot-starter-test/3.3.0/spring-boot-starter-test-3.3.0.jar:/Users/john/.m2/repository/org/springframework/boot/spring-boot-test/3.3.0/spring-boot-test-3.3.0.jar:/Users/john/.m2/repository/org/springframework/boot/spring-boot-test-autoconfigure/3.3.0/spring-boot-test-autoconfigure-3.3.0.jar:/Users/john/.m2/repository/com/jayway/jsonpath/json-path/2.9.0/json-path-2.9.0.jar:/Users/john/.m2/repository/jakarta/xml/bind/jakarta.xml.bind-api/4.0.2/jakarta.xml.bind-api-4.0.2.jar:/Users/john/.m2/repository/jakarta/activation/jakarta.activation-api/2.1.3/jakarta.activation-api-2.1.3.jar:/Users/john/.m2/repository/net/minidev/json-smart/2.5.1/json-smart-2.5.1.jar:/Users/john/.m2/repository/net/minidev/accessors-smart/2.5.1/accessors-smart-2.5.1.jar:/Users/john/.m2/repository/org/ow2/asm/asm/9.6/asm-9.6.jar:/Users/john/.m2/repository/org/assertj/assertj-core/3.25.3/assertj-core-3.25.3.jar:/Users/john/.m2/repository/net/bytebuddy/byte-buddy/1.14.16/byte-buddy-1.14.16.jar:/Users/john/.m2/repository/org/awaitility/awaitility/4.2.1/awaitility-4.2.1.jar:/Users/john/.m2/repository/org/hamcrest/hamcrest/2.2/hamcrest-2.2.jar:/Users/john/.m2/repository/org/junit/jupiter/junit-jupiter/5.10.2/junit-jupiter-5.10.2.jar:/Users/john/.m2/repository/org/junit/jupiter/junit-jupiter-api/5.10.2/junit-jupiter-api-5.10.2.jar:/Users/john/.m2/repository/org/junit/jupiter/junit-jupiter-params/5.10.2/junit-jupiter-params-5.10.2.jar:/Users/john/.m2/repository/org/junit/jupiter/junit-jupiter-engine/5.10.2/junit-jupiter-engine-5.10.2.jar:/Users/john/.m2/repository/org/mockito/mockito-core/5.11.0/mockito-core-5.11.0.jar:/Users/john/.m2/repository/net/bytebuddy/byte-buddy-agent/1.14.16/byte-buddy-agent-1.14.16.jar:/Users/john/.m2/repository/org/objenesis/objenesis/3.3/objenesis-3.3.jar:/Users/john/.m2/repository/org/mockito/mockito-junit-jupiter/5.11.0/mockito-junit-jupiter-5.11.0.jar:/Users/john/.m2/repository/org/skyscreamer/jsonassert/1.5.1/jsonassert-1.5.1.jar:/Users/john/.m2/repository/com/vaadin/external/google/android-json/0.0.20131108.vaadin1/android-json-0.0.20131108.vaadin1.jar:/Users/john/.m2/repository/org/springframework/spring-core/6.1.8/spring-core-6.1.8.jar:/Users/john/.m2/repository/org/springframework/spring-jcl/6.1.8/spring-jcl-6.1.8.jar:/Users/john/.m2/repository/org/springframework/spring-test/6.1.8/spring-test-6.1.8.jar:/Users/john/.m2/repository/org/xmlunit/xmlunit-core/2.9.1/xmlunit-core-2.9.1.jar:/Users/john/.m2/repository/org/spockframework/spock-core/2.0-M2-groovy-3.0/spock-core-2.0-M2-groovy-3.0.jar:/Users/john/.m2/repository/org/codehaus/groovy/groovy/3.0.0/groovy-3.0.0.jar:/Users/john/.m2/repository/org/codehaus/groovy/groovy-json/3.0.0/groovy-json-3.0.0.jar:/Users/john/.m2/repository/org/codehaus/groovy/groovy-nio/3.0.0/groovy-nio-3.0.0.jar:/Users/john/.m2/repository/org/codehaus/groovy/groovy-macro/3.0.0/groovy-macro-3.0.0.jar:/Users/john/.m2/repository/org/codehaus/groovy/groovy-templates/3.0.0/groovy-templates-3.0.0.jar:/Users/john/.m2/repository/org/codehaus/groovy/groovy-test/3.0.0/groovy-test-3.0.0.jar:/Users/john/.m2/repository/org/codehaus/groovy/groovy-sql/3.0.0/groovy-sql-3.0.0.jar:/Users/john/.m2/repository/org/codehaus/groovy/groovy-xml/3.0.0/groovy-xml-3.0.0.jar:/Users/john/.m2/repository/org/junit/platform/junit-platform-engine/1.10.2/junit-platform-engine-1.10.2.jar:/Users/john/.m2/repository/org/opentest4j/opentest4j/1.3.0/opentest4j-1.3.0.jar:/Users/john/.m2/repository/org/junit/platform/junit-platform-commons/1.10.2/junit-platform-commons-1.10.2.jar:/Users/john/.m2/repository/org/apiguardian/apiguardian-api/1.1.2/apiguardian-api-1.1.2.jar:/Users/john/.m2/repository/junit/junit/4.13.2/junit-4.13.2.jar:/Users/john/.m2/repository/org/hamcrest/hamcrest-core/2.2/hamcrest-core-2.2.jar:/Users/john/.m2/repository/org/codehaus/groovy/groovy/3.0.3/groovy-3.0.3-indy.jar:/Users/john/.m2/repository/com/google/firebase/firebase-admin/9.1.1/firebase-admin-9.1.1.jar:/Users/john/.m2/repository/com/google/api-client/google-api-client/2.0.0/google-api-client-2.0.0.jar:/Users/john/.m2/repository/com/google/oauth-client/google-oauth-client/1.34.1/google-oauth-client-1.34.1.jar:/Users/john/.m2/repository/com/google/http-client/google-http-client-apache-v2/1.42.1/google-http-client-apache-v2-1.42.1.jar:/Users/john/.m2/repository/com/google/api-client/google-api-client-gson/2.0.0/google-api-client-gson-2.0.0.jar:/Users/john/.m2/repository/com/google/http-client/google-http-client/1.42.2/google-http-client-1.42.2.jar:/Users/john/.m2/repository/com/google/api/api-common/2.2.1/api-common-2.2.1.jar:/Users/john/.m2/repository/com/google/cloud/google-cloud-storage/2.14.0/google-cloud-storage-2.14.0.jar:/Users/john/.m2/repository/com/google/http-client/google-http-client-jackson2/1.42.2/google-http-client-jackson2-1.42.2.jar:/Users/john/.m2/repository/com/google/apis/google-api-services-storage/v1-rev20220705-2.0.0/google-api-services-storage-v1-rev20220705-2.0.0.jar:/Users/john/.m2/repository/com/google/cloud/google-cloud-core-http/2.8.22/google-cloud-core-http-2.8.22.jar:/Users/john/.m2/repository/com/google/http-client/google-http-client-appengine/1.42.2/google-http-client-appengine-1.42.2.jar:/Users/john/.m2/repository/com/google/api/grpc/proto-google-cloud-storage-v2/2.14.0-alpha/proto-google-cloud-storage-v2-2.14.0-alpha.jar:/Users/john/.m2/repository/com/google/api/grpc/grpc-google-cloud-storage-v2/2.14.0-alpha/grpc-google-cloud-storage-v2-2.14.0-alpha.jar:/Users/john/.m2/repository/com/google/api/grpc/gapic-google-cloud-storage-v2/2.14.0-alpha/gapic-google-cloud-storage-v2-2.14.0-alpha.jar:/Users/john/.m2/repository/com/fasterxml/jackson/core/jackson-core/2.17.1/jackson-core-2.17.1.jar:/Users/john/.m2/repository/com/google/api/grpc/grpc-google-iam-v1/1.6.4/grpc-google-iam-v1-1.6.4.jar:/Users/john/.m2/repository/com/google/guava/guava/31.1-jre/guava-31.1-jre.jar:/Users/john/.m2/repository/org/slf4j/slf4j-api/2.0.13/slf4j-api-2.0.13.jar:/Users/john/.m2/repository/io/netty/netty-codec-http/4.1.110.Final/netty-codec-http-4.1.110.Final.jar:/Users/john/.m2/repository/io/netty/netty-common/4.1.110.Final/netty-common-4.1.110.Final.jar:/Users/john/.m2/repository/io/netty/netty-buffer/4.1.110.Final/netty-buffer-4.1.110.Final.jar:/Users/john/.m2/repository/io/netty/netty-codec/4.1.110.Final/netty-codec-4.1.110.Final.jar:/Users/john/.m2/repository/io/netty/netty-handler/4.1.110.Final/netty-handler-4.1.110.Final.jar:/Users/john/.m2/repository/io/netty/netty-resolver/4.1.110.Final/netty-resolver-4.1.110.Final.jar:/Users/john/.m2/repository/io/netty/netty-transport-native-unix-common/4.1.110.Final/netty-transport-native-unix-common-4.1.110.Final.jar:/Users/john/.m2/repository/io/netty/netty-transport/4.1.110.Final/netty-transport-4.1.110.Final.jar:/Users/john/.m2/repository/com/google/auth/google-auth-library-oauth2-http/1.30.0/google-auth-library-oauth2-http-1.30.0.jar:/Users/john/.m2/repository/com/google/auto/value/auto-value-annotations/1.11.0/auto-value-annotations-1.11.0.jar:/Users/john/.m2/repository/com/google/code/findbugs/jsr305/3.0.2/jsr305-3.0.2.jar:/Users/john/.m2/repository/com/google/auth/google-auth-library-credentials/1.30.0/google-auth-library-credentials-1.30.0.jar:/Users/john/.m2/repository/com/google/http-client/google-http-client-gson/1.45.0/google-http-client-gson-1.45.0.jar:/Users/john/.m2/repository/com/google/errorprone/error_prone_annotations/2.35.1/error_prone_annotations-2.35.1.jar:/Users/john/.m2/repository/com/google/cloud/google-cloud-firestore/3.29.1/google-cloud-firestore-3.29.1.jar:/Users/john/.m2/repository/com/google/cloud/google-cloud-core-grpc/2.48.0/google-cloud-core-grpc-2.48.0.jar:/Users/john/.m2/repository/org/apache/httpcomponents/httpclient/4.5.14/httpclient-4.5.14.jar:/Users/john/.m2/repository/org/apache/httpcomponents/httpcore/4.4.16/httpcore-4.4.16.jar:/Users/john/.m2/repository/io/grpc/grpc-context/1.68.1/grpc-context-1.68.1.jar:/Users/john/.m2/repository/io/opencensus/opencensus-contrib-http-util/0.31.1/opencensus-contrib-http-util-0.31.1.jar:/Users/john/.m2/repository/com/google/api/grpc/proto-google-cloud-firestore-v1/3.29.1/proto-google-cloud-firestore-v1-3.29.1.jar:/Users/john/.m2/repository/com/google/cloud/proto-google-cloud-firestore-bundle-v1/3.29.1/proto-google-cloud-firestore-bundle-v1-3.29.1.jar:/Users/john/.m2/repository/com/google/j2objc/j2objc-annotations/3.0.0/j2objc-annotations-3.0.0.jar:/Users/john/.m2/repository/io/grpc/grpc-protobuf/1.68.1/grpc-protobuf-1.68.1.jar:/Users/john/.m2/repository/io/grpc/grpc-protobuf-lite/1.68.1/grpc-protobuf-lite-1.68.1.jar:/Users/john/.m2/repository/com/google/protobuf/protobuf-java/3.25.5/protobuf-java-3.25.5.jar:/Users/john/.m2/repository/com/google/api/grpc/proto-google-common-protos/2.49.0/proto-google-common-protos-2.49.0.jar:/Users/john/.m2/repository/io/opencensus/opencensus-api/0.31.1/opencensus-api-0.31.1.jar:/Users/john/.m2/repository/io/grpc/grpc-api/1.68.1/grpc-api-1.68.1.jar:/Users/john/.m2/repository/com/google/api/gax-grpc/2.58.0/gax-grpc-2.58.0.jar:/Users/john/.m2/repository/io/grpc/grpc-inprocess/1.68.1/grpc-inprocess-1.68.1.jar:/Users/john/.m2/repository/io/grpc/grpc-core/1.68.1/grpc-core-1.68.1.jar:/Users/john/.m2/repository/io/grpc/grpc-alts/1.68.1/grpc-alts-1.68.1.jar:/Users/john/.m2/repository/io/grpc/grpc-grpclb/1.68.1/grpc-grpclb-1.68.1.jar:/Users/john/.m2/repository/org/conscrypt/conscrypt-openjdk-uber/2.5.2/conscrypt-openjdk-uber-2.5.2.jar:/Users/john/.m2/repository/io/grpc/grpc-auth/1.68.1/grpc-auth-1.68.1.jar:/Users/john/.m2/repository/io/grpc/grpc-s2a/1.68.1/grpc-s2a-1.68.1.jar:/Users/john/.m2/repository/io/grpc/grpc-netty-shaded/1.68.1/grpc-netty-shaded-1.68.1.jar:/Users/john/.m2/repository/io/grpc/grpc-util/1.68.1/grpc-util-1.68.1.jar:/Users/john/.m2/repository/io/perfmark/perfmark-api/0.27.0/perfmark-api-0.27.0.jar:/Users/john/.m2/repository/io/grpc/grpc-googleapis/1.68.1/grpc-googleapis-1.68.1.jar:/Users/john/.m2/repository/io/grpc/grpc-xds/1.68.1/grpc-xds-1.68.1.jar:/Users/john/.m2/repository/com/google/api/gax-httpjson/2.58.0/gax-httpjson-2.58.0.jar:/Users/john/.m2/repository/com/google/guava/failureaccess/1.0.2/failureaccess-1.0.2.jar:/Users/john/.m2/repository/com/google/guava/listenablefuture/9999.0-empty-to-avoid-conflict-with-guava/listenablefuture-9999.0-empty-to-avoid-conflict-with-guava.jar:/Users/john/.m2/repository/org/checkerframework/checker-qual/3.47.0/checker-qual-3.47.0.jar:/Users/john/.m2/repository/org/threeten/threetenbp/1.7.0/threetenbp-1.7.0.jar:/Users/john/.m2/repository/io/grpc/grpc-stub/1.68.1/grpc-stub-1.68.1.jar:/Users/john/.m2/repository/com/google/api/grpc/proto-google-iam-v1/1.44.0/proto-google-iam-v1-1.44.0.jar:/Users/john/.m2/repository/com/google/protobuf/protobuf-java-util/3.25.5/protobuf-java-util-3.25.5.jar:/Users/john/.m2/repository/io/opentelemetry/opentelemetry-api/1.37.0/opentelemetry-api-1.37.0.jar:/Users/john/.m2/repository/io/opentelemetry/opentelemetry-context/1.37.0/opentelemetry-context-1.37.0.jar:/Users/john/.m2/repository/io/opentelemetry/instrumentation/opentelemetry-grpc-1.6/2.1.0-alpha/opentelemetry-grpc-1.6-2.1.0-alpha.jar:/Users/john/.m2/repository/io/opentelemetry/instrumentation/opentelemetry-instrumentation-api/2.1.0/opentelemetry-instrumentation-api-2.1.0.jar:/Users/john/.m2/repository/io/opentelemetry/opentelemetry-extension-incubator/1.35.0-alpha/opentelemetry-extension-incubator-1.35.0-alpha.jar:/Users/john/.m2/repository/io/opentelemetry/instrumentation/opentelemetry-instrumentation-api-incubator/2.1.0-alpha/opentelemetry-instrumentation-api-incubator-2.1.0-alpha.jar:/Users/john/.m2/repository/io/opentelemetry/opentelemetry-sdk/1.37.0/opentelemetry-sdk-1.37.0.jar:/Users/john/.m2/repository/io/opentelemetry/opentelemetry-sdk-common/1.37.0/opentelemetry-sdk-common-1.37.0.jar:/Users/john/.m2/repository/io/opentelemetry/opentelemetry-sdk-trace/1.37.0/opentelemetry-sdk-trace-1.37.0.jar:/Users/john/.m2/repository/io/opentelemetry/opentelemetry-sdk-logs/1.37.0/opentelemetry-sdk-logs-1.37.0.jar:/Users/john/.m2/repository/io/opentelemetry/opentelemetry-sdk-metrics/1.37.0/opentelemetry-sdk-metrics-1.37.0.jar:/Users/john/.m2/repository/io/opentelemetry/opentelemetry-api-incubator/1.42.1-alpha/opentelemetry-api-incubator-1.42.1-alpha.jar:/Users/john/.m2/repository/com/google/cloud/opentelemetry/exporter-metrics/0.32.0/exporter-metrics-0.32.0.jar:/Users/john/.m2/repository/com/google/cloud/google-cloud-monitoring/3.31.0/google-cloud-monitoring-3.31.0.jar:/Users/john/.m2/repository/com/google/api/grpc/proto-google-cloud-monitoring-v3/3.31.0/proto-google-cloud-monitoring-v3-3.31.0.jar:/Users/john/.m2/repository/com/google/android/annotations/4.1.1.4/annotations-4.1.1.4.jar:/Users/john/.m2/repository/org/codehaus/mojo/animal-sniffer-annotations/1.24/animal-sniffer-annotations-1.24.jar:/Users/john/.m2/repository/io/opencensus/opencensus-proto/0.2.0/opencensus-proto-0.2.0.jar:/Users/john/.m2/repository/io/grpc/grpc-services/1.68.1/grpc-services-1.68.1.jar:/Users/john/.m2/repository/com/google/re2j/re2j/1.7/re2j-1.7.jar:/Users/john/.m2/repository/commons-logging/commons-logging/1.2/commons-logging-1.2.jar:/Users/john/.m2/repository/commons-codec/commons-codec/1.16.1/commons-codec-1.16.1.jar:/Users/john/.m2/repository/com/google/cloud/opentelemetry/shared-resourcemapping/0.32.0/shared-resourcemapping-0.32.0.jar:/Users/john/.m2/repository/io/opentelemetry/semconv/opentelemetry-semconv/1.23.1-alpha/opentelemetry-semconv-1.23.1-alpha.jar:/Users/john/.m2/repository/javax/annotation/javax.annotation-api/1.3.2/javax.annotation-api-1.3.2.jar:/Users/john/.m2/repository/com/google/cloud/google-cloud-core/2.45.0/google-cloud-core-2.45.0.jar:/Users/john/.m2/repository/com/google/api/gax/2.55.0/gax-2.55.0.jar:/Users/john/.m2/repository/com/google/code/gson/gson/2.11.0/gson-2.11.0.jar:"/>
    <property name="java.vm.vendor" value="Oracle Corporation"/>
    <property name="sun.arch.data.model" value="64"/>
    <property name="java.vendor.url" value="https://java.oracle.com/"/>
    <property name="user.timezone" value="Europe/London"/>
    <property name="os.name" value="Mac OS X"/>
    <property name="java.vm.specification.version" value="23"/>
    <property name="sun.java.launcher" value="SUN_STANDARD"/>
    <property name="user.country" value="GB"/>
    <property name="sun.boot.library.path" value="/Library/Java/JavaVirtualMachines/jdk-23.jdk/Contents/Home/lib"/>
    <property name="sun.java.command" value="/Users/john/repos/tourism-app/gs-spring-boot/complete/target/surefire/surefirebooter-20250128105946559_3.jar /Users/john/repos/tourism-app/gs-spring-boot/complete/target/surefire 2025-01-28T10-59-46_494-jvmRun1 surefire-20250128105946559_1tmp surefire_0-20250128105946559_2tmp"/>
    <property name="http.nonProxyHosts" value="local|*.local|169.254/16|*.169.254/16"/>
    <property name="jdk.debug" value="release"/>
    <property name="surefire.test.class.path" value="/Users/john/repos/tourism-app/gs-spring-boot/complete/target/test-classes:/Users/john/repos/tourism-app/gs-spring-boot/complete/target/classes:/Users/john/.m2/repository/org/springframework/boot/spring-boot-starter-web/3.3.0/spring-boot-starter-web-3.3.0.jar:/Users/john/.m2/repository/org/springframework/boot/spring-boot-starter/3.3.0/spring-boot-starter-3.3.0.jar:/Users/john/.m2/repository/org/springframework/boot/spring-boot/3.3.0/spring-boot-3.3.0.jar:/Users/john/.m2/repository/org/springframework/boot/spring-boot-autoconfigure/3.3.0/spring-boot-autoconfigure-3.3.0.jar:/Users/john/.m2/repository/org/springframework/boot/spring-boot-starter-logging/3.3.0/spring-boot-starter-logging-3.3.0.jar:/Users/john/.m2/repository/ch/qos/logback/logback-classic/1.5.6/logback-classic-1.5.6.jar:/Users/john/.m2/repository/ch/qos/logback/logback-core/1.5.6/logback-core-1.5.6.jar:/Users/john/.m2/repository/org/apache/logging/log4j/log4j-to-slf4j/2.23.1/log4j-to-slf4j-2.23.1.jar:/Users/john/.m2/repository/org/apache/logging/log4j/log4j-api/2.23.1/log4j-api-2.23.1.jar:/Users/john/.m2/repository/org/slf4j/jul-to-slf4j/2.0.13/jul-to-slf4j-2.0.13.jar:/Users/john/.m2/repository/jakarta/annotation/jakarta.annotation-api/2.1.1/jakarta.annotation-api-2.1.1.jar:/Users/john/.m2/repository/org/yaml/snakeyaml/2.2/snakeyaml-2.2.jar:/Users/john/.m2/repository/org/springframework/boot/spring-boot-starter-json/3.3.0/spring-boot-starter-json-3.3.0.jar:/Users/john/.m2/repository/com/fasterxml/jackson/core/jackson-databind/2.17.1/jackson-databind-2.17.1.jar:/Users/john/.m2/repository/com/fasterxml/jackson/core/jackson-annotations/2.17.1/jackson-annotations-2.17.1.jar:/Users/john/.m2/repository/com/fasterxml/jackson/datatype/jackson-datatype-jdk8/2.17.1/jackson-datatype-jdk8-2.17.1.jar:/Users/john/.m2/repository/com/fasterxml/jackson/datatype/jackson-datatype-jsr310/2.17.1/jackson-datatype-jsr310-2.17.1.jar:/Users/john/.m2/repository/com/fasterxml/jackson/module/jackson-module-parameter-names/2.17.1/jackson-module-parameter-names-2.17.1.jar:/Users/john/.m2/repository/org/springframework/boot/spring-boot-starter-tomcat/3.3.0/spring-boot-starter-tomcat-3.3.0.jar:/Users/john/.m2/repository/org/apache/tomcat/embed/tomcat-embed-core/10.1.24/tomcat-embed-core-10.1.24.jar:/Users/john/.m2/repository/org/apache/tomcat/embed/tomcat-embed-el/10.1.24/tomcat-embed-el-10.1.24.jar:/Users/john/.m2/repository/org/apache/tomcat/embed/tomcat-embed-websocket/10.1.24/tomcat-embed-websocket-10.1.24.jar:/Users/john/.m2/repository/org/springframework/spring-web/6.1.8/spring-web-6.1.8.jar:/Users/john/.m2/repository/org/springframework/spring-beans/6.1.8/spring-beans-6.1.8.jar:/Users/john/.m2/repository/org/springframework/spring-webmvc/6.1.8/spring-webmvc-6.1.8.jar:/Users/john/.m2/repository/org/springframework/spring-aop/6.1.8/spring-aop-6.1.8.jar:/Users/john/.m2/repository/org/springframework/spring-context/6.1.8/spring-context-6.1.8.jar:/Users/john/.m2/repository/org/springframework/spring-expression/6.1.8/spring-expression-6.1.8.jar:/Users/john/.m2/repository/org/springframework/boot/spring-boot-starter-actuator/3.3.0/spring-boot-starter-actuator-3.3.0.jar:/Users/john/.m2/repository/org/springframework/boot/spring-boot-actuator-autoconfigure/3.3.0/spring-boot-actuator-autoconfigure-3.3.0.jar:/Users/john/.m2/repository/org/springframework/boot/spring-boot-actuator/3.3.0/spring-boot-actuator-3.3.0.jar:/Users/john/.m2/repository/io/micrometer/micrometer-observation/1.13.0/micrometer-observation-1.13.0.jar:/Users/john/.m2/repository/io/micrometer/micrometer-commons/1.13.0/micrometer-commons-1.13.0.jar:/Users/john/.m2/repository/io/micrometer/micrometer-jakarta9/1.13.0/micrometer-jakarta9-1.13.0.jar:/Users/john/.m2/repository/io/micrometer/micrometer-core/1.13.0/micrometer-core-1.13.0.jar:/Users/john/.m2/repository/org/hdrhistogram/HdrHistogram/2.2.1/HdrHistogram-2.2.1.jar:/Users/john/.m2/repository/org/latencyutils/LatencyUtils/2.0.3/LatencyUtils-2.0.3.jar:/Users/john/.m2/repository/org/springframework/boot/spring-boot-starter-test/3.3.0/spring-boot-starter-test-3.3.0.jar:/Users/john/.m2/repository/org/springframework/boot/spring-boot-test/3.3.0/spring-boot-test-3.3.0.jar:/Users/john/.m2/repository/org/springframework/boot/spring-boot-test-autoconfigure/3.3.0/spring-boot-test-autoconfigure-3.3.0.jar:/Users/john/.m2/repository/com/jayway/jsonpath/json-path/2.9.0/json-path-2.9.0.jar:/Users/john/.m2/repository/jakarta/xml/bind/jakarta.xml.bind-api/4.0.2/jakarta.xml.bind-api-4.0.2.jar:/Users/john/.m2/repository/jakarta/activation/jakarta.activation-api/2.1.3/jakarta.activation-api-2.1.3.jar:/Users/john/.m2/repository/net/minidev/json-smart/2.5.1/json-smart-2.5.1.jar:/Users/john/.m2/repository/net/minidev/accessors-smart/2.5.1/accessors-smart-2.5.1.jar:/Users/john/.m2/repository/org/ow2/asm/asm/9.6/asm-9.6.jar:/Users/john/.m2/repository/org/assertj/assertj-core/3.25.3/assertj-core-3.25.3.jar:/Users/john/.m2/repository/net/bytebuddy/byte-buddy/1.14.16/byte-buddy-1.14.16.jar:/Users/john/.m2/repository/org/awaitility/awaitility/4.2.1/awaitility-4.2.1.jar:/Users/john/.m2/repository/org/hamcrest/hamcrest/2.2/hamcrest-2.2.jar:/Users/john/.m2/repository/org/junit/jupiter/junit-jupiter/5.10.2/junit-jupiter-5.10.2.jar:/Users/john/.m2/repository/org/junit/jupiter/junit-jupiter-api/5.10.2/junit-jupiter-api-5.10.2.jar:/Users/john/.m2/repository/org/junit/jupiter/junit-jupiter-params/5.10.2/junit-jupiter-params-5.10.2.jar:/Users/john/.m2/repository/org/junit/jupiter/junit-jupiter-engine/5.10.2/junit-jupiter-engine-5.10.2.jar:/Users/john/.m2/repository/org/mockito/mockito-core/5.11.0/mockito-core-5.11.0.jar:/Users/john/.m2/repository/net/bytebuddy/byte-buddy-agent/1.14.16/byte-buddy-agent-1.14.16.jar:/Users/john/.m2/repository/org/objenesis/objenesis/3.3/objenesis-3.3.jar:/Users/john/.m2/repository/org/mockito/mockito-junit-jupiter/5.11.0/mockito-junit-jupiter-5.11.0.jar:/Users/john/.m2/repository/org/skyscreamer/jsonassert/1.5.1/jsonassert-1.5.1.jar:/Users/john/.m2/repository/com/vaadin/external/google/android-json/0.0.20131108.vaadin1/android-json-0.0.20131108.vaadin1.jar:/Users/john/.m2/repository/org/springframework/spring-core/6.1.8/spring-core-6.1.8.jar:/Users/john/.m2/repository/org/springframework/spring-jcl/6.1.8/spring-jcl-6.1.8.jar:/Users/john/.m2/repository/org/springframework/spring-test/6.1.8/spring-test-6.1.8.jar:/Users/john/.m2/repository/org/xmlunit/xmlunit-core/2.9.1/xmlunit-core-2.9.1.jar:/Users/john/.m2/repository/org/spockframework/spock-core/2.0-M2-groovy-3.0/spock-core-2.0-M2-groovy-3.0.jar:/Users/john/.m2/repository/org/codehaus/groovy/groovy/3.0.0/groovy-3.0.0.jar:/Users/john/.m2/repository/org/codehaus/groovy/groovy-json/3.0.0/groovy-json-3.0.0.jar:/Users/john/.m2/repository/org/codehaus/groovy/groovy-nio/3.0.0/groovy-nio-3.0.0.jar:/Users/john/.m2/repository/org/codehaus/groovy/groovy-macro/3.0.0/groovy-macro-3.0.0.jar:/Users/john/.m2/repository/org/codehaus/groovy/groovy-templates/3.0.0/groovy-templates-3.0.0.jar:/Users/john/.m2/repository/org/codehaus/groovy/groovy-test/3.0.0/groovy-test-3.0.0.jar:/Users/john/.m2/repository/org/codehaus/groovy/groovy-sql/3.0.0/groovy-sql-3.0.0.jar:/Users/john/.m2/repository/org/codehaus/groovy/groovy-xml/3.0.0/groovy-xml-3.0.0.jar:/Users/john/.m2/repository/org/junit/platform/junit-platform-engine/1.10.2/junit-platform-engine-1.10.2.jar:/Users/john/.m2/repository/org/opentest4j/opentest4j/1.3.0/opentest4j-1.3.0.jar:/Users/john/.m2/repository/org/junit/platform/junit-platform-commons/1.10.2/junit-platform-commons-1.10.2.jar:/Users/john/.m2/repository/org/apiguardian/apiguardian-api/1.1.2/apiguardian-api-1.1.2.jar:/Users/john/.m2/repository/junit/junit/4.13.2/junit-4.13.2.jar:/Users/john/.m2/repository/org/hamcrest/hamcrest-core/2.2/hamcrest-core-2.2.jar:/Users/john/.m2/repository/org/codehaus/groovy/groovy/3.0.3/groovy-3.0.3-indy.jar:/Users/john/.m2/repository/com/google/firebase/firebase-admin/9.1.1/firebase-admin-9.1.1.jar:/Users/john/.m2/repository/com/google/api-client/google-api-client/2.0.0/google-api-client-2.0.0.jar:/Users/john/.m2/repository/com/google/oauth-client/google-oauth-client/1.34.1/google-oauth-client-1.34.1.jar:/Users/john/.m2/repository/com/google/http-client/google-http-client-apache-v2/1.42.1/google-http-client-apache-v2-1.42.1.jar:/Users/john/.m2/repository/com/google/api-client/google-api-client-gson/2.0.0/google-api-client-gson-2.0.0.jar:/Users/john/.m2/repository/com/google/http-client/google-http-client/1.42.2/google-http-client-1.42.2.jar:/Users/john/.m2/repository/com/google/api/api-common/2.2.1/api-common-2.2.1.jar:/Users/john/.m2/repository/com/google/cloud/google-cloud-storage/2.14.0/google-cloud-storage-2.14.0.jar:/Users/john/.m2/repository/com/google/http-client/google-http-client-jackson2/1.42.2/google-http-client-jackson2-1.42.2.jar:/Users/john/.m2/repository/com/google/apis/google-api-services-storage/v1-rev20220705-2.0.0/google-api-services-storage-v1-rev20220705-2.0.0.jar:/Users/john/.m2/repository/com/google/cloud/google-cloud-core-http/2.8.22/google-cloud-core-http-2.8.22.jar:/Users/john/.m2/repository/com/google/http-client/google-http-client-appengine/1.42.2/google-http-client-appengine-1.42.2.jar:/Users/john/.m2/repository/com/google/api/grpc/proto-google-cloud-storage-v2/2.14.0-alpha/proto-google-cloud-storage-v2-2.14.0-alpha.jar:/Users/john/.m2/repository/com/google/api/grpc/grpc-google-cloud-storage-v2/2.14.0-alpha/grpc-google-cloud-storage-v2-2.14.0-alpha.jar:/Users/john/.m2/repository/com/google/api/grpc/gapic-google-cloud-storage-v2/2.14.0-alpha/gapic-google-cloud-storage-v2-2.14.0-alpha.jar:/Users/john/.m2/repository/com/fasterxml/jackson/core/jackson-core/2.17.1/jackson-core-2.17.1.jar:/Users/john/.m2/repository/com/google/api/grpc/grpc-google-iam-v1/1.6.4/grpc-google-iam-v1-1.6.4.jar:/Users/john/.m2/repository/com/google/guava/guava/31.1-jre/guava-31.1-jre.jar:/Users/john/.m2/repository/org/slf4j/slf4j-api/2.0.13/slf4j-api-2.0.13.jar:/Users/john/.m2/repository/io/netty/netty-codec-http/4.1.110.Final/netty-codec-http-4.1.110.Final.jar:/Users/john/.m2/repository/io/netty/netty-common/4.1.110.Final/netty-common-4.1.110.Final.jar:/Users/john/.m2/repository/io/netty/netty-buffer/4.1.110.Final/netty-buffer-4.1.110.Final.jar:/Users/john/.m2/repository/io/netty/netty-codec/4.1.110.Final/netty-codec-4.1.110.Final.jar:/Users/john/.m2/repository/io/netty/netty-handler/4.1.110.Final/netty-handler-4.1.110.Final.jar:/Users/john/.m2/repository/io/netty/netty-resolver/4.1.110.Final/netty-resolver-4.1.110.Final.jar:/Users/john/.m2/repository/io/netty/netty-transport-native-unix-common/4.1.110.Final/netty-transport-native-unix-common-4.1.110.Final.jar:/Users/john/.m2/repository/io/netty/netty-transport/4.1.110.Final/netty-transport-4.1.110.Final.jar:/Users/john/.m2/repository/com/google/auth/google-auth-library-oauth2-http/1.30.0/google-auth-library-oauth2-http-1.30.0.jar:/Users/john/.m2/repository/com/google/auto/value/auto-value-annotations/1.11.0/auto-value-annotations-1.11.0.jar:/Users/john/.m2/repository/com/google/code/findbugs/jsr305/3.0.2/jsr305-3.0.2.jar:/Users/john/.m2/repository/com/google/auth/google-auth-library-credentials/1.30.0/google-auth-library-credentials-1.30.0.jar:/Users/john/.m2/repository/com/google/http-client/google-http-client-gson/1.45.0/google-http-client-gson-1.45.0.jar:/Users/john/.m2/repository/com/google/errorprone/error_prone_annotations/2.35.1/error_prone_annotations-2.35.1.jar:/Users/john/.m2/repository/com/google/cloud/google-cloud-firestore/3.29.1/google-cloud-firestore-3.29.1.jar:/Users/john/.m2/repository/com/google/cloud/google-cloud-core-grpc/2.48.0/google-cloud-core-grpc-2.48.0.jar:/Users/john/.m2/repository/org/apache/httpcomponents/httpclient/4.5.14/httpclient-4.5.14.jar:/Users/john/.m2/repository/org/apache/httpcomponents/httpcore/4.4.16/httpcore-4.4.16.jar:/Users/john/.m2/repository/io/grpc/grpc-context/1.68.1/grpc-context-1.68.1.jar:/Users/john/.m2/repository/io/opencensus/opencensus-contrib-http-util/0.31.1/opencensus-contrib-http-util-0.31.1.jar:/Users/john/.m2/repository/com/google/api/grpc/proto-google-cloud-firestore-v1/3.29.1/proto-google-cloud-firestore-v1-3.29.1.jar:/Users/john/.m2/repository/com/google/cloud/proto-google-cloud-firestore-bundle-v1/3.29.1/proto-google-cloud-firestore-bundle-v1-3.29.1.jar:/Users/john/.m2/repository/com/google/j2objc/j2objc-annotations/3.0.0/j2objc-annotations-3.0.0.jar:/Users/john/.m2/repository/io/grpc/grpc-protobuf/1.68.1/grpc-protobuf-1.68.1.jar:/Users/john/.m2/repository/io/grpc/grpc-protobuf-lite/1.68.1/grpc-protobuf-lite-1.68.1.jar:/Users/john/.m2/repository/com/google/protobuf/protobuf-java/3.25.5/protobuf-java-3.25.5.jar:/Users/john/.m2/repository/com/google/api/grpc/proto-google-common-protos/2.49.0/proto-google-common-protos-2.49.0.jar:/Users/john/.m2/repository/io/opencensus/opencensus-api/0.31.1/opencensus-api-0.31.1.jar:/Users/john/.m2/repository/io/grpc/grpc-api/1.68.1/grpc-api-1.68.1.jar:/Users/john/.m2/repository/com/google/api/gax-grpc/2.58.0/gax-grpc-2.58.0.jar:/Users/john/.m2/repository/io/grpc/grpc-inprocess/1.68.1/grpc-inprocess-1.68.1.jar:/Users/john/.m2/repository/io/grpc/grpc-core/1.68.1/grpc-core-1.68.1.jar:/Users/john/.m2/repository/io/grpc/grpc-alts/1.68.1/grpc-alts-1.68.1.jar:/Users/john/.m2/repository/io/grpc/grpc-grpclb/1.68.1/grpc-grpclb-1.68.1.jar:/Users/john/.m2/repository/org/conscrypt/conscrypt-openjdk-uber/2.5.2/conscrypt-openjdk-uber-2.5.2.jar:/Users/john/.m2/repository/io/grpc/grpc-auth/1.68.1/grpc-auth-1.68.1.jar:/Users/john/.m2/repository/io/grpc/grpc-s2a/1.68.1/grpc-s2a-1.68.1.jar:/Users/john/.m2/repository/io/grpc/grpc-netty-shaded/1.68.1/grpc-netty-shaded-1.68.1.jar:/Users/john/.m2/repository/io/grpc/grpc-util/1.68.1/grpc-util-1.68.1.jar:/Users/john/.m2/repository/io/perfmark/perfmark-api/0.27.0/perfmark-api-0.27.0.jar:/Users/john/.m2/repository/io/grpc/grpc-googleapis/1.68.1/grpc-googleapis-1.68.1.jar:/Users/john/.m2/repository/io/grpc/grpc-xds/1.68.1/grpc-xds-1.68.1.jar:/Users/john/.m2/repository/com/google/api/gax-httpjson/2.58.0/gax-httpjson-2.58.0.jar:/Users/john/.m2/repository/com/google/guava/failureaccess/1.0.2/failureaccess-1.0.2.jar:/Users/john/.m2/repository/com/google/guava/listenablefuture/9999.0-empty-to-avoid-conflict-with-guava/listenablefuture-9999.0-empty-to-avoid-conflict-with-guava.jar:/Users/john/.m2/repository/org/checkerframework/checker-qual/3.47.0/checker-qual-3.47.0.jar:/Users/john/.m2/repository/org/threeten/threetenbp/1.7.0/threetenbp-1.7.0.jar:/Users/john/.m2/repository/io/grpc/grpc-stub/1.68.1/grpc-stub-1.68.1.jar:/Users/john/.m2/repository/com/google/api/grpc/proto-google-iam-v1/1.44.0/proto-google-iam-v1-1.44.0.jar:/Users/john/.m2/repository/com/google/protobuf/protobuf-java-util/3.25.5/protobuf-java-util-3.25.5.jar:/Users/john/.m2/repository/io/opentelemetry/opentelemetry-api/1.37.0/opentelemetry-api-1.37.0.jar:/Users/john/.m2/repository/io/opentelemetry/opentelemetry-context/1.37.0/opentelemetry-context-1.37.0.jar:/Users/john/.m2/repository/io/opentelemetry/instrumentation/opentelemetry-grpc-1.6/2.1.0-alpha/opentelemetry-grpc-1.6-2.1.0-alpha.jar:/Users/john/.m2/repository/io/opentelemetry/instrumentation/opentelemetry-instrumentation-api/2.1.0/opentelemetry-instrumentation-api-2.1.0.jar:/Users/john/.m2/repository/io/opentelemetry/opentelemetry-extension-incubator/1.35.0-alpha/opentelemetry-extension-incubator-1.35.0-alpha.jar:/Users/john/.m2/repository/io/opentelemetry/instrumentation/opentelemetry-instrumentation-api-incubator/2.1.0-alpha/opentelemetry-instrumentation-api-incubator-2.1.0-alpha.jar:/Users/john/.m2/repository/io/opentelemetry/opentelemetry-sdk/1.37.0/opentelemetry-sdk-1.37.0.jar:/Users/john/.m2/repository/io/opentelemetry/opentelemetry-sdk-common/1.37.0/opentelemetry-sdk-common-1.37.0.jar:/Users/john/.m2/repository/io/opentelemetry/opentelemetry-sdk-trace/1.37.0/opentelemetry-sdk-trace-1.37.0.jar:/Users/john/.m2/repository/io/opentelemetry/opentelemetry-sdk-logs/1.37.0/opentelemetry-sdk-logs-1.37.0.jar:/Users/john/.m2/repository/io/opentelemetry/opentelemetry-sdk-metrics/1.37.0/opentelemetry-sdk-metrics-1.37.0.jar:/Users/john/.m2/repository/io/opentelemetry/opentelemetry-api-incubator/1.42.1-alpha/opentelemetry-api-incubator-1.42.1-alpha.jar:/Users/john/.m2/repository/com/google/cloud/opentelemetry/exporter-metrics/0.32.0/exporter-metrics-0.32.0.jar:/Users/john/.m2/repository/com/google/cloud/google-cloud-monitoring/3.31.0/google-cloud-monitoring-3.31.0.jar:/Users/john/.m2/repository/com/google/api/grpc/proto-google-cloud-monitoring-v3/3.31.0/proto-google-cloud-monitoring-v3-3.31.0.jar:/Users/john/.m2/repository/com/google/android/annotations/4.1.1.4/annotations-4.1.1.4.jar:/Users/john/.m2/repository/org/codehaus/mojo/animal-sniffer-annotations/1.24/animal-sniffer-annotations-1.24.jar:/Users/john/.m2/repository/io/opencensus/opencensus-proto/0.2.0/opencensus-proto-0.2.0.jar:/Users/john/.m2/repository/io/grpc/grpc-services/1.68.1/grpc-services-1.68.1.jar:/Users/john/.m2/repository/com/google/re2j/re2j/1.7/re2j-1.7.jar:/Users/john/.m2/repository/commons-logging/commons-logging/1.2/commons-logging-1.2.jar:/Users/john/.m2/repository/commons-codec/commons-codec/1.16.1/commons-codec-1.16.1.jar:/Users/john/.m2/repository/com/google/cloud/opentelemetry/shared-resourcemapping/0.32.0/shared-resourcemapping-0.32.0.jar:/Users/john/.m2/repository/io/opentelemetry/semconv/opentelemetry-semconv/1.23.1-alpha/opentelemetry-semconv-1.23.1-alpha.jar:/Users/john/.m2/repository/javax/annotation/javax.annotation-api/1.3.2/javax.annotation-api-1.3.2.jar:/Users/john/.m2/repository/com/google/cloud/google-cloud-core/2.45.0/google-cloud-core-2.45.0.jar:/Users/john/.m2/repository/com/google/api/gax/2.55.0/gax-2.55.0.jar:/Users/john/.m2/repository/com/google/code/gson/gson/2.11.0/gson-2.11.0.jar:"/>
    <property name="sun.cpu.endian" value="little"/>
    <property name="user.home" value="/Users/john"/>
    <property name="user.language" value="en"/>
    <property name="java.specification.vendor" value="Oracle Corporation"/>
    <property name="java.version.date" value="2025-01-21"/>
    <property name="java.home" value="/Library/Java/JavaVirtualMachines/jdk-23.jdk/Contents/Home"/>
    <property name="file.separator" value="/"/>
    <property name="basedir" value="/Users/john/repos/tourism-app/gs-spring-boot/complete"/>
    <property name="java.vm.compressedOopsMode" value="Zero based"/>
    <property name="line.separator" value="&#10;"/>
    <property name="java.vm.specification.vendor" value="Oracle Corporation"/>
    <property name="java.specification.name" value="Java Platform API Specification"/>
    <property name="FILE_LOG_CHARSET" value="UTF-8"/>
    <property name="java.awt.headless" value="true"/>
    <property name="apple.awt.application.name" value="ForkedBooter"/>
    <property name="surefire.real.class.path" value="/Users/john/repos/tourism-app/gs-spring-boot/complete/target/surefire/surefirebooter-20250128105946559_3.jar"/>
    <property name="sun.management.compiler" value="HotSpot 64-Bit Tiered Compilers"/>
    <property name="ftp.nonProxyHosts" value="local|*.local|169.254/16|*.169.254/16"/>
    <property name="java.runtime.version" value="23.0.2+7-58"/>
    <property name="user.name" value="john"/>
    <property name="stdout.encoding" value="UTF-8"/>
    <property name="path.separator" value=":"/>
    <property name="os.version" value="15.2"/>
    <property name="java.runtime.name" value="Java(TM) SE Runtime Environment"/>
    <property name="file.encoding" value="UTF-8"/>
    <property name="java.vm.name" value="Java HotSpot(TM) 64-Bit Server VM"/>
    <property name="localRepository" value="/Users/john/.m2/repository"/>
    <property name="java.vendor.url.bug" value="https://bugreport.java.com/bugreport/"/>
    <property name="java.io.tmpdir" value="/var/folders/3c/l486716j36d81j291d792vgr0000gn/T/"/>
    <property name="java.version" value="23.0.2"/>
    <property name="user.dir" value="/Users/john/repos/tourism-app/gs-spring-boot/complete"/>
    <property name="os.arch" value="x86_64"/>
    <property name="java.vm.specification.name" value="Java Virtual Machine Specification"/>
    <property name="PID" value="6014"/>
    <property name="CONSOLE_LOG_CHARSET" value="UTF-8"/>
    <property name="native.encoding" value="UTF-8"/>
    <property name="java.library.path" value="/Users/john/Library/Java/Extensions:/Library/Java/Extensions:/Network/Library/Java/Extensions:/System/Library/Java/Extensions:/usr/lib/java:."/>
    <property name="java.vm.info" value="mixed mode, sharing"/>
    <property name="stderr.encoding" value="UTF-8"/>
    <property name="java.vendor" value="Oracle Corporation"/>
    <property name="java.vm.version" value="23.0.2+7-58"/>
    <property name="sun.io.unicode.encoding" value="UnicodeBig"/>
    <property name="socksNonProxyHosts" value="local|*.local|169.254/16|*.169.254/16"/>
    <property name="java.class.version" value="67.0"/>
  </properties>
  <testcase name="testGetCartHotels" classname="com.example.springboot.HelloControllerTest" time="2.622">
    <system-out><![CDATA[10:59:47.205 [main] INFO org.springframework.test.context.support.AnnotationConfigContextLoaderUtils -- Could not detect default configuration classes for test class [com.example.springboot.HelloControllerTest]: HelloControllerTest does not declare any static, non-private, non-final, nested classes annotated with @Configuration.
10:59:47.305 [main] INFO org.springframework.boot.test.context.SpringBootTestContextBootstrapper -- Found @SpringBootConfiguration com.example.springboot.Application for test class com.example.springboot.HelloControllerTest
  .   ____          _            __ _ _
 /\\ / ___'_ __ _ _(_)_ __  __ _ \ \ \ \
( ( )\___ | '_ | '_| | '_ \/ _` | \ \ \ \
 \\/  ___)| |_)| | | | | || (_| |  ) ) ) )
  '  |____| .__|_| |_|_| |_\__, | / / / /
 =========|_|==============|___/=/_/_/_/

 :: Spring Boot ::                (v3.3.0)

2025-01-28T10:59:47.581Z  INFO 6014 --- [           main] c.e.springboot.HelloControllerTest       : Starting HelloControllerTest using Java 23.0.2 with PID 6014 (started by john in /Users/john/repos/tourism-app/gs-spring-boot/complete)
2025-01-28T10:59:47.583Z  INFO 6014 --- [           main] c.e.springboot.HelloControllerTest       : No active profile set, falling back to 1 default profile: "default"
2025-01-28T10:59:49.075Z  WARN 6014 --- [           main] .b.a.g.t.GroovyTemplateAutoConfiguration : Cannot find template location: classpath:/templates/ (please add some templates, check your Groovy configuration, or set spring.groovy.template.check-template-location=false)
2025-01-28T10:59:49.265Z  INFO 6014 --- [           main] o.s.b.t.m.w.SpringBootMockServletContext : Initializing Spring TestDispatcherServlet ''
2025-01-28T10:59:49.266Z  INFO 6014 --- [           main] o.s.t.web.servlet.TestDispatcherServlet  : Initializing Servlet ''
2025-01-28T10:59:49.276Z  INFO 6014 --- [           main] o.s.b.a.e.web.EndpointLinksResolver      : Exposing 1 endpoint beneath base path '/actuator'
2025-01-28T10:59:49.282Z  INFO 6014 --- [           main] o.s.t.web.servlet.TestDispatcherServlet  : Completed initialization in 16 ms
2025-01-28T10:59:49.325Z  INFO 6014 --- [           main] c.e.springboot.HelloControllerTest       : Started HelloControllerTest in 1.933 seconds (process running for 2.659)
]]></system-out>
    <system-err><![CDATA[WARNING: A Java agent has been loaded dynamically (/Users/john/.m2/repository/net/bytebuddy/byte-buddy-agent/1.14.16/byte-buddy-agent-1.14.16.jar)
WARNING: If a serviceability tool is in use, please run with -XX:+EnableDynamicAgentLoading to hide this warning
WARNING: If a serviceability tool is not in use, please run with -Djdk.instrument.traceUsage for more information
WARNING: Dynamic loading of agents will be disallowed by default in a future release
]]></system-err>
  </testcase>
  <testcase name="testGetFlights" classname="com.example.springboot.HelloControllerTest" time="0.077"/>
  <testcase name="testGetCartFlights" classname="com.example.springboot.HelloControllerTest" time="0.14"/>
  <testcase name="testGetHotels" classname="com.example.springboot.HelloControllerTest" time="0.078"/>
</testsuite>